<?xml version="1.0" encoding="UTF-8"?>
<!-- Generated by org.testng.reporters.JUnitReportReporter -->
<testsuite hostname="Artwell" failures="1" tests="1" name="testRunnerFile.TestRunner" time="100.487" errors="0" timestamp="2022-09-10T14:11:11 SAST" skipped="0">
  <testcase classname="testRunnerFile.TestRunner" name="runScenario" time="100.487">
    <failure message="expected [Gogle] but found [Google]" type="java.lang.AssertionError">
      <![CDATA[java.lang.AssertionError: expected [Gogle] but found [Google]
at org.testng.Assert.fail(Assert.java:99)
at org.testng.Assert.failNotEquals(Assert.java:1037)
at org.testng.Assert.assertEqualsImpl(Assert.java:140)
at org.testng.Assert.assertEquals(Assert.java:122)
at org.testng.Assert.assertEquals(Assert.java:629)
at org.testng.Assert.assertEquals(Assert.java:639)
at Stepdefinationsfile.Stepdefination.i_validate_page_title(Stepdefination.java:34)
at âœ½.I validate page Title(file:///C:/Users/Ina%20Gous/eclipse-workspace/ArtsWebdriver/src/main/resources/Features/Google.feature:10)
]]>
    </failure>
  </testcase> <!-- runScenario -->
  <system-out/>
</testsuite> <!-- testRunnerFile.TestRunner -->
